# JRE version: OpenJDK Runtime Environment (25.0+36) (build 25+36-3489)
# Java VM: OpenJDK 64-Bit Server VM (25+36-3489, mixed mode, emulated-client, sharing, tiered, compressed oops, compressed class ptrs, g1 gc, windows-amd64)
GC Precious Log:
 CardTable entry size: 512
 Card Set container configuration: InlinePtr #cards 4 size 8 Array Of Cards #cards 16 size 48 Howl #buckets 8 coarsen threshold 3686 Howl Bitmap #cards 512 size 80 coarsen threshold 460 Card regions per heap region 1 cards per card region 4096
 CPUs: 8 total, 8 available
 Memory: 14278M
 Large Page Support: Disabled
 NUMA Support: Disabled
 Compressed Oops: Enabled (Zero based)
 Heap Region Size: 2M
 Heap Min Capacity: 8M
 Heap Initial Capacity: 224M
 Heap Max Capacity: 3570M
 Pre-touch: Disabled
 Parallel Workers: 8
 Concurrent Workers: 2
 Concurrent Refinement Workers: 8
 Periodic GC: Disabled
Heap:
 garbage-first heap   total reserved 3655680K, committed 61440K, used 35140K [0x0000000720e00000, 0x0000000800000000)
  region size 2048K, 5 young (10240K), 2 survivors (4096K)
GC Heap Usage History (20 events):
Event: 2.248 {heap Before GC invocations=1 (full 0):
 garbage-first heap   total reserved 3655680K, committed 231424K, used 62150K [0x0000000720e00000, 0x0000000800000000)
  region size 2048K, 30 young (61440K), 3 survivors (6144K)
}
Event: 2.257 {heap After GC invocations=2 (full 0):
 garbage-first heap   total reserved 3655680K, committed 231424K, used 15281K [0x0000000720e00000, 0x0000000800000000)
  region size 2048K, 6 young (12288K), 6 survivors (12288K)
}
Event: 2.755 {heap Before GC invocations=3 (full 0):
 garbage-first heap   total reserved 3655680K, committed 61440K, used 39857K [0x0000000720e00000, 0x0000000800000000)
  region size 2048K, 18 young (36864K), 6 survivors (12288K)
}
Event: 2.768 {heap After GC invocations=4 (full 0):
 garbage-first heap   total reserved 3655680K, committed 61440K, used 17318K [0x0000000720e00000, 0x0000000800000000)
  region size 2048K, 2 young (4096K), 2 survivors (4096K)
}
Event: 3.196 {heap Before GC invocations=4 (full 0):
 garbage-first heap   total reserved 3655680K, committed 61440K, used 41894K [0x0000000720e00000, 0x0000000800000000)
  region size 2048K, 14 young (28672K), 2 survivors (4096K)
}
Event: 3.207 {heap After GC invocations=5 (full 0):
 garbage-first heap   total reserved 3655680K, committed 61440K, used 19682K [0x0000000720e00000, 0x0000000800000000)
  region size 2048K, 2 young (4096K), 2 survivors (4096K)
}
Event: 3.841 {heap Before GC invocations=5 (full 0):
 garbage-first heap   total reserved 3655680K, committed 61440K, used 46306K [0x0000000720e00000, 0x0000000800000000)
  region size 2048K, 15 young (30720K), 2 survivors (4096K)
}
Event: 3.846 {heap After GC invocations=6 (full 0):
 garbage-first heap   total reserved 3655680K, committed 61440K, used 21727K [0x0000000720e00000, 0x0000000800000000)
  region size 2048K, 1 young (2048K), 1 survivors (2048K)
}
Event: 4.015 {heap Before GC invocations=6 (full 0):
 garbage-first heap   total reserved 3655680K, committed 61440K, used 27871K [0x0000000720e00000, 0x0000000800000000)
  region size 2048K, 5 young (10240K), 1 survivors (2048K)
}
Event: 4.016 {heap After GC invocations=7 (full 0):
 garbage-first heap   total reserved 3655680K, committed 61440K, used 21891K [0x0000000720e00000, 0x0000000800000000)
  region size 2048K, 2 young (4096K), 2 survivors (4096K)
}
Event: 4.856 {heap Before GC invocations=8 (full 0):
 garbage-first heap   total reserved 3655680K, committed 61440K, used 46467K [0x0000000720e00000, 0x0000000800000000)
  region size 2048K, 15 young (30720K), 2 survivors (4096K)
}
Event: 4.860 {heap After GC invocations=9 (full 0):
 garbage-first heap   total reserved 3655680K, committed 61440K, used 24007K [0x0000000720e00000, 0x0000000800000000)
  region size 2048K, 2 young (4096K), 2 survivors (4096K)
}
Event: 5.459 {heap Before GC invocations=9 (full 0):
 garbage-first heap   total reserved 3655680K, committed 61440K, used 48583K [0x0000000720e00000, 0x0000000800000000)
  region size 2048K, 14 young (28672K), 2 survivors (4096K)
}
Event: 5.464 {heap After GC invocations=10 (full 0):
 garbage-first heap   total reserved 3655680K, committed 61440K, used 24490K [0x0000000720e00000, 0x0000000800000000)
  region size 2048K, 2 young (4096K), 2 survivors (4096K)
}
Event: 5.908 {heap Before GC invocations=10 (full 0):
 garbage-first heap   total reserved 3655680K, committed 61440K, used 49066K [0x0000000720e00000, 0x0000000800000000)
  region size 2048K, 15 young (30720K), 2 survivors (4096K)
}
Event: 5.912 {heap After GC invocations=11 (full 0):
 garbage-first heap   total reserved 3655680K, committed 61440K, used 26572K [0x0000000720e00000, 0x0000000800000000)
  region size 2048K, 2 young (4096K), 2 survivors (4096K)
}
Event: 6.342 {heap Before GC invocations=11 (full 0):
 garbage-first heap   total reserved 3655680K, committed 61440K, used 47052K [0x0000000720e00000, 0x0000000800000000)
  region size 2048K, 13 young (26624K), 2 survivors (4096K)
}
Event: 6.346 {heap After GC invocations=12 (full 0):
 garbage-first heap   total reserved 3655680K, committed 61440K, used 28529K [0x0000000720e00000, 0x0000000800000000)
  region size 2048K, 2 young (4096K), 2 survivors (4096K)
}
Event: 12.806 {heap Before GC invocations=13 (full 0):
 garbage-first heap   total reserved 3655680K, committed 61440K, used 53105K [0x0000000720e00000, 0x0000000800000000)
  region size 2048K, 14 young (28672K), 2 survivors (4096K)
}
Event: 12.811 {heap After GC invocations=14 (full 0):
 garbage-first heap   total reserved 3655680K, committed 61440K, used 31044K [0x0000000720e00000, 0x0000000800000000)
  region size 2048K, 2 young (4096K), 2 survivors (4096K)
}

